<?xml version="1.0" encoding="UTF-8"?>
<!-- Generated by org.testng.reporters.JUnitReportReporter -->
<testsuite skipped="0" hostname="DESKTOP-59QS48D" name="com.training.sanity.tests.CreateCourse" tests="1" failures="0" timestamp="17 Jun 2019 07:44:30 GMT" time="3.718" errors="0">
  <testcase name="validLoginTest" time="3.718" classname="com.training.sanity.tests.CreateCourse"/>
</testsuite> <!-- com.training.sanity.tests.CreateCourse -->
