<?xml version="1.0" encoding="UTF-8"?>
<!-- Generated by org.testng.reporters.JUnitReportReporter -->
<testsuite skipped="0" hostname="DESKTOP-59QS48D" name="com.training.sanity.tests.ELTC_007" tests="1" failures="0" timestamp="18 Jun 2019 10:53:45 GMT" time="17.184" errors="0">
  <testcase name="validLoginTest" time="17.184" classname="com.training.sanity.tests.ELTC_007"/>
</testsuite> <!-- com.training.sanity.tests.ELTC_007 -->
