<?xml version="1.0" encoding="UTF-8"?>
<!-- Generated by org.testng.reporters.JUnitReportReporter -->
<testsuite skipped="0" hostname="DESKTOP-59QS48D" name="com.training.sanity.tests.CreateCourseTests" tests="1" failures="0" timestamp="18 Jun 2019 10:11:27 GMT" time="17.874" errors="0">
  <testcase name="validLoginTest" time="17.874" classname="com.training.sanity.tests.CreateCourseTests"/>
</testsuite> <!-- com.training.sanity.tests.CreateCourseTests -->
