<?xml version="1.0" encoding="UTF-8"?>
<!-- Generated by org.testng.reporters.JUnitReportReporter -->
<testsuite skipped="0" hostname="DESKTOP-59QS48D" name="com.training.sanity.tests.LoginTests" tests="1" failures="0" timestamp="18 Jun 2019 11:29:24 GMT" time="2.143" errors="0">
  <testcase name="validLoginTest" time="2.143" classname="com.training.sanity.tests.LoginTests"/>
</testsuite> <!-- com.training.sanity.tests.LoginTests -->
