<?xml version="1.0" encoding="UTF-8"?>
<!-- Generated by org.testng.reporters.JUnitReportReporter -->
<testsuite skipped="0" hostname="DESKTOP-59QS48D" name="com.training.sanity.tests.ELTC_008" tests="1" failures="0" timestamp="18 Jun 2019 11:57:09 GMT" time="8.971" errors="0">
  <testcase name="validLoginTest" time="8.971" classname="com.training.sanity.tests.ELTC_008"/>
</testsuite> <!-- com.training.sanity.tests.ELTC_008 -->
